2020-09-03 15:19:23,116 - BrowserEngine - INFO - You had select Chrome browser.
2020-09-03 15:19:23,117 - BrowserEngine - INFO - The test server url is£ºhttps://www.baidu.com
2020-09-03 15:19:26,096 - BrowserEngine - INFO - Starting Chrome browser.
2020-09-03 15:19:28,148 - BrowserEngine - INFO - Open url: https://www.baidu.com
2020-09-03 15:19:29,269 - BrowserEngine - INFO - Maximize the current window.
2020-09-03 15:19:29,271 - BrowserEngine - INFO - Set implicitly wait 10 seconds.
2020-09-03 15:19:29,356 - BasePage - INFO - Had find the element '  'successfulby id via value: kw 
2020-09-03 15:19:29,573 - BasePage - INFO - Had type ' python ' in inputBox
2020-09-03 15:19:29,652 - BasePage - INFO - Had find the element '  ' successful by xpath via value://*[@id = 'su'] 
2020-09-03 15:19:29,759 - BasePage - INFO - The element '  ' was clicked.
2020-09-03 15:19:32,242 - BasePage - INFO - Had take screenshot and save to folder : /screenshots
2020-09-03 15:19:32,242 - BrowserEngine - INFO - Now, Close and quit the browser.
2020-09-03 15:19:46,845 - BrowserEngine - INFO - You had select Chrome browser.
2020-09-03 15:19:46,845 - BrowserEngine - INFO - The test server url is£ºhttps://www.baidu.com
2020-09-03 15:19:49,639 - BrowserEngine - INFO - Starting Chrome browser.
2020-09-03 15:19:51,620 - BrowserEngine - INFO - Open url: https://www.baidu.com
2020-09-03 15:19:52,743 - BrowserEngine - INFO - Maximize the current window.
2020-09-03 15:19:52,753 - BrowserEngine - INFO - Set implicitly wait 10 seconds.
2020-09-03 15:19:52,802 - BasePage - INFO - Had find the element '  'successfulby id via value: kw 
2020-09-03 15:19:53,078 - BasePage - INFO - Had type ' python ' in inputBox
2020-09-03 15:19:53,181 - BasePage - INFO - Had find the element '  ' successful by xpath via value://*[@id = 'su'] 
2020-09-03 15:19:53,333 - BasePage - INFO - The element '  ' was clicked.
2020-09-03 15:19:55,794 - BasePage - INFO - Had take screenshot and save to folder : /screenshots
2020-09-03 15:19:55,795 - BrowserEngine - INFO - Now, Close and quit the browser.
