2020-09-04 15:17:00,318 - BrowserEngine - INFO - You had select Chrome browser.
2020-09-04 15:17:00,318 - BrowserEngine - INFO - The test server url is：https://www.baidu.com
2020-09-04 15:17:03,428 - BrowserEngine - INFO - Starting Chrome browser.
2020-09-04 15:17:06,274 - BrowserEngine - INFO - Open url: https://www.baidu.com
2020-09-04 15:17:07,707 - BrowserEngine - INFO - Maximize the current window.
2020-09-04 15:17:07,709 - BrowserEngine - INFO - Set implicitly wait 10 seconds.
2020-09-04 15:17:13,279 - BasePage - INFO - Had find the element '  'successfulby id via value: kw 
2020-09-04 15:17:13,565 - BasePage - INFO - Had type ' selenium
 ' in inputBox
2020-09-04 15:17:16,090 - BasePage - INFO - Had take screenshot and save to folder : /screenshots
2020-09-04 15:17:16,108 - BasePage - INFO - Current page title is selenium_百度搜索
2020-09-04 15:17:17,133 - BasePage - INFO - Had find the element '  'successfulby id via value: kw 
2020-09-04 15:17:17,337 - BasePage - INFO - Had type ' python ' in inputBox
2020-09-04 15:17:17,383 - BasePage - INFO - Had find the element '  ' successful by xpath via value://*[@id = 'su'] 
2020-09-04 15:17:17,761 - BasePage - INFO - The element '  ' was clicked.
2020-09-04 15:17:20,272 - BasePage - INFO - Had take screenshot and save to folder : /screenshots
2020-09-04 15:17:23,561 - BrowserEngine - INFO - You had select Chrome browser.
2020-09-04 15:17:23,561 - BrowserEngine - INFO - The test server url is：https://www.baidu.com
2020-09-04 15:17:26,611 - BrowserEngine - INFO - Starting Chrome browser.
2020-09-04 15:17:29,412 - BrowserEngine - INFO - Open url: https://www.baidu.com
2020-09-04 15:17:30,869 - BrowserEngine - INFO - Maximize the current window.
2020-09-04 15:17:30,874 - BrowserEngine - INFO - Set implicitly wait 10 seconds.
2020-09-04 15:17:30,891 - BasePage - INFO - Current page title is 百度一下，你就知道
2020-09-04 15:17:33,990 - BrowserEngine - INFO - You had select Chrome browser.
2020-09-04 15:17:33,991 - BrowserEngine - INFO - The test server url is：https://www.baidu.com
2020-09-04 15:17:36,913 - BrowserEngine - INFO - Starting Chrome browser.
2020-09-04 15:17:38,873 - BrowserEngine - INFO - Open url: https://www.baidu.com
2020-09-04 15:17:40,417 - BrowserEngine - INFO - Maximize the current window.
2020-09-04 15:17:40,419 - BrowserEngine - INFO - Set implicitly wait 10 seconds.
2020-09-04 15:17:45,510 - BasePage - INFO - Had find the element '  'successfulby id via value: kw 
2020-09-04 15:17:45,751 - BasePage - INFO - Had type ' selenium
 ' in inputBox
2020-09-04 15:17:48,233 - BasePage - INFO - Had take screenshot and save to folder : /screenshots
2020-09-04 15:17:48,240 - BasePage - INFO - Current page title is selenium_百度搜索
2020-09-04 15:17:49,262 - BasePage - INFO - Had find the element '  'successfulby id via value: kw 
2020-09-04 15:17:49,428 - BasePage - INFO - Had type ' python ' in inputBox
2020-09-04 15:17:49,480 - BasePage - INFO - Had find the element '  ' successful by xpath via value://*[@id = 'su'] 
2020-09-04 15:17:49,746 - BasePage - INFO - The element '  ' was clicked.
2020-09-04 15:17:52,236 - BasePage - INFO - Had take screenshot and save to folder : /screenshots
2020-09-04 15:17:55,334 - BrowserEngine - INFO - You had select Chrome browser.
2020-09-04 15:17:55,335 - BrowserEngine - INFO - The test server url is：https://www.baidu.com
2020-09-04 15:17:58,290 - BrowserEngine - INFO - Starting Chrome browser.
2020-09-04 15:18:00,537 - BrowserEngine - INFO - Open url: https://www.baidu.com
2020-09-04 15:18:01,799 - BrowserEngine - INFO - Maximize the current window.
2020-09-04 15:18:01,801 - BrowserEngine - INFO - Set implicitly wait 10 seconds.
2020-09-04 15:18:01,830 - BasePage - INFO - Current page title is 百度一下，你就知道
2020-09-04 15:18:05,444 - BrowserEngine - INFO - You had select Chrome browser.
2020-09-04 15:18:05,445 - BrowserEngine - INFO - The test server url is：https://www.baidu.com
2020-09-04 15:18:08,163 - BrowserEngine - INFO - Starting Chrome browser.
2020-09-04 15:18:10,214 - BrowserEngine - INFO - Open url: https://www.baidu.com
2020-09-04 15:18:11,479 - BrowserEngine - INFO - Maximize the current window.
2020-09-04 15:18:11,481 - BrowserEngine - INFO - Set implicitly wait 10 seconds.
2020-09-04 15:18:11,520 - BasePage - INFO - Had find the element ' 新闻 ' successful by xpath via value://div[@id='s-top-left']/a[@href='http://news.baidu.com'] 
2020-09-04 15:18:11,704 - BasePage - INFO - The element ' 新闻 ' was clicked.
2020-09-04 15:18:13,706 - BasePage - INFO - sleep for 2 seconds
2020-09-04 15:18:14,858 - BasePage - INFO - Had find the element ' 体育 ' successful by xpath via value://div[@id='channel-all']//li[7]//a[1] 
2020-09-04 15:18:16,200 - BasePage - INFO - The element ' 体育 ' was clicked.
2020-09-04 15:18:18,202 - BasePage - INFO - sleep for 2 seconds
2020-09-04 15:18:21,245 - BasePage - INFO - Had find the element ' NBA赛程表 ' successful by xpath via value://div[@class='schedule clearfix']//li[1] 
2020-09-04 15:18:21,403 - BasePage - INFO - The element ' NBA赛程表 ' was clicked.
2020-09-04 15:18:23,404 - BasePage - INFO - sleep for 2 seconds
2020-09-04 15:18:24,722 - BasePage - INFO - Had take screenshot and save to folder : /screenshots
