2020-09-04 11:20:48,126 - BrowserEngine - INFO - You had select Chrome browser.
2020-09-04 11:20:48,126 - BrowserEngine - INFO - The test server url is：https://www.baidu.com
2020-09-04 11:20:50,948 - BrowserEngine - INFO - Starting Chrome browser.
2020-09-04 11:20:52,809 - BrowserEngine - INFO - Open url: https://www.baidu.com
2020-09-04 11:20:53,952 - BrowserEngine - INFO - Maximize the current window.
2020-09-04 11:20:53,955 - BrowserEngine - INFO - Set implicitly wait 10 seconds.
2020-09-04 11:20:59,038 - BasePage - INFO - Had find the element '  'successfulby id via value: kw 
2020-09-04 11:20:59,320 - BasePage - INFO - Had type ' selenium
 ' in inputBox
2020-09-04 11:21:01,748 - BasePage - INFO - Had take screenshot and save to folder : /screenshots
2020-09-04 11:21:01,757 - BasePage - INFO - Current page title is selenium_百度搜索
2020-09-04 11:21:02,786 - BasePage - INFO - Had find the element '  'successfulby id via value: kw 
2020-09-04 11:21:02,943 - BasePage - INFO - Had type ' python ' in inputBox
2020-09-04 11:21:02,973 - BasePage - INFO - Had find the element '  ' successful by xpath via value://*[@id = 'su'] 
2020-09-04 11:21:03,051 - BasePage - INFO - The element '  ' was clicked.
2020-09-04 11:21:05,444 - BasePage - INFO - Had take screenshot and save to folder : /screenshots
2020-09-04 11:21:09,255 - BrowserEngine - INFO - You had select Chrome browser.
2020-09-04 11:21:09,255 - BrowserEngine - INFO - The test server url is：https://www.baidu.com
2020-09-04 11:21:12,006 - BrowserEngine - INFO - Starting Chrome browser.
2020-09-04 11:21:13,722 - BrowserEngine - INFO - Open url: https://www.baidu.com
2020-09-04 11:21:14,853 - BrowserEngine - INFO - Maximize the current window.
2020-09-04 11:21:14,856 - BrowserEngine - INFO - Set implicitly wait 10 seconds.
2020-09-04 11:21:14,869 - BasePage - INFO - Current page title is 百度一下，你就知道
2020-09-04 11:21:17,310 - BrowserEngine - INFO - You had select Chrome browser.
2020-09-04 11:21:17,310 - BrowserEngine - INFO - The test server url is：https://www.baidu.com
2020-09-04 11:21:20,050 - BrowserEngine - INFO - Starting Chrome browser.
2020-09-04 11:21:21,628 - BrowserEngine - INFO - Open url: https://www.baidu.com
2020-09-04 11:21:22,755 - BrowserEngine - INFO - Maximize the current window.
2020-09-04 11:21:22,757 - BrowserEngine - INFO - Set implicitly wait 10 seconds.
2020-09-04 11:21:27,810 - BasePage - INFO - Had find the element '  'successfulby id via value: kw 
2020-09-04 11:21:28,228 - BasePage - INFO - Had type ' selenium
 ' in inputBox
2020-09-04 11:21:30,692 - BasePage - INFO - Had take screenshot and save to folder : /screenshots
2020-09-04 11:21:30,699 - BasePage - INFO - Current page title is selenium_百度搜索
2020-09-04 11:21:31,740 - BasePage - INFO - Had find the element '  'successfulby id via value: kw 
2020-09-04 11:21:31,884 - BasePage - INFO - Had type ' python ' in inputBox
2020-09-04 11:21:31,925 - BasePage - INFO - Had find the element '  ' successful by xpath via value://*[@id = 'su'] 
2020-09-04 11:21:32,058 - BasePage - INFO - The element '  ' was clicked.
2020-09-04 11:21:34,622 - BasePage - INFO - Had take screenshot and save to folder : /screenshots
2020-09-04 11:21:37,272 - BrowserEngine - INFO - You had select Chrome browser.
2020-09-04 11:21:37,272 - BrowserEngine - INFO - The test server url is：https://www.baidu.com
2020-09-04 11:21:40,018 - BrowserEngine - INFO - Starting Chrome browser.
2020-09-04 11:21:41,980 - BrowserEngine - INFO - Open url: https://www.baidu.com
2020-09-04 11:21:43,129 - BrowserEngine - INFO - Maximize the current window.
2020-09-04 11:21:43,131 - BrowserEngine - INFO - Set implicitly wait 10 seconds.
2020-09-04 11:21:43,140 - BasePage - INFO - Current page title is 百度一下，你就知道
2020-09-04 11:21:45,752 - BrowserEngine - INFO - You had select Chrome browser.
2020-09-04 11:21:45,752 - BrowserEngine - INFO - The test server url is：https://www.baidu.com
2020-09-04 11:21:48,515 - BrowserEngine - INFO - Starting Chrome browser.
2020-09-04 11:21:50,163 - BrowserEngine - INFO - Open url: https://www.baidu.com
2020-09-04 11:21:51,290 - BrowserEngine - INFO - Maximize the current window.
2020-09-04 11:21:51,293 - BrowserEngine - INFO - Set implicitly wait 10 seconds.
2020-09-04 11:21:51,340 - BasePage - INFO - Had find the element ' 新闻 ' successful by xpath via value://div[@id='s-top-left']/a[@href='http://news.baidu.com'] 
2020-09-04 11:21:51,464 - BasePage - INFO - The element ' 新闻 ' was clicked.
2020-09-04 11:21:53,464 - BasePage - INFO - sleep for 2 seconds
2020-09-04 11:21:54,568 - BasePage - INFO - Had find the element ' 体育 ' successful by xpath via value://div[@id='channel-all']//li[7]//a[1] 
2020-09-04 11:21:56,039 - BasePage - INFO - The element ' 体育 ' was clicked.
2020-09-04 11:21:58,039 - BasePage - INFO - sleep for 2 seconds
2020-09-04 11:22:01,109 - BasePage - INFO - Had find the element ' NBA赛程表 ' successful by xpath via value://div[@class='schedule clearfix']//li[1] 
2020-09-04 11:22:01,547 - BasePage - INFO - The element ' NBA赛程表 ' was clicked.
2020-09-04 11:22:03,548 - BasePage - INFO - sleep for 2 seconds
2020-09-04 11:22:04,342 - BasePage - INFO - Had take screenshot and save to folder : /screenshots
