2020-09-03 15:22:14,900 - BrowserEngine - INFO - You had select Chrome browser.
2020-09-03 15:22:14,900 - BrowserEngine - INFO - The test server url is£ºhttps://www.baidu.com
2020-09-03 15:22:17,850 - BrowserEngine - INFO - Starting Chrome browser.
2020-09-03 15:22:19,713 - BrowserEngine - INFO - Open url: https://www.baidu.com
2020-09-03 15:22:20,835 - BrowserEngine - INFO - Maximize the current window.
2020-09-03 15:22:20,838 - BrowserEngine - INFO - Set implicitly wait 10 seconds.
2020-09-03 15:22:25,867 - BasePage - INFO - Had find the element '  'successfulby id via value: kw 
2020-09-03 15:22:26,067 - BasePage - INFO - Had type ' selenium
 ' in inputBox
2020-09-03 15:22:28,645 - BasePage - INFO - Had take screenshot and save to folder : /screenshots
2020-09-03 15:22:28,675 - BasePage - INFO - Current page title is selenium_°Ù¶ÈËÑË÷
2020-09-03 15:22:28,708 - BrowserEngine - INFO - Now, Close and quit the browser.
2020-09-03 15:22:31,588 - BrowserEngine - INFO - You had select Chrome browser.
2020-09-03 15:22:31,588 - BrowserEngine - INFO - The test server url is£ºhttps://www.baidu.com
2020-09-03 15:22:34,254 - BrowserEngine - INFO - Starting Chrome browser.
2020-09-03 15:22:36,066 - BrowserEngine - INFO - Open url: https://www.baidu.com
2020-09-03 15:22:37,185 - BrowserEngine - INFO - Maximize the current window.
2020-09-03 15:22:37,190 - BrowserEngine - INFO - Set implicitly wait 10 seconds.
2020-09-03 15:22:37,223 - BasePage - INFO - Had find the element '  'successfulby id via value: kw 
2020-09-03 15:22:37,416 - BasePage - INFO - Had type ' python ' in inputBox
2020-09-03 15:22:37,458 - BasePage - INFO - Had find the element '  ' successful by xpath via value://*[@id = 'su'] 
2020-09-03 15:22:37,559 - BasePage - INFO - The element '  ' was clicked.
2020-09-03 15:22:43,571 - BrowserEngine - INFO - Now, Close and quit the browser.
