2020-09-04 11:05:25,597 - BrowserEngine - INFO - You had select Chrome browser.
2020-09-04 11:05:25,598 - BrowserEngine - INFO - The test server url is：https://www.baidu.com
2020-09-04 11:05:28,512 - BrowserEngine - INFO - Starting Chrome browser.
2020-09-04 11:05:30,432 - BrowserEngine - INFO - Open url: https://www.baidu.com
2020-09-04 11:05:31,658 - BrowserEngine - INFO - Maximize the current window.
2020-09-04 11:05:31,660 - BrowserEngine - INFO - Set implicitly wait 10 seconds.
2020-09-04 11:05:36,691 - BasePage - INFO - Had find the element '  'successfulby id via value: kw 
2020-09-04 11:05:36,916 - BasePage - INFO - Had type ' selenium
 ' in inputBox
2020-09-04 11:05:39,359 - BasePage - INFO - Had take screenshot and save to folder : /screenshots
2020-09-04 11:05:39,365 - BasePage - INFO - Current page title is selenium_百度搜索
2020-09-04 11:05:40,393 - BasePage - INFO - Had find the element '  'successfulby id via value: kw 
2020-09-04 11:05:40,580 - BasePage - INFO - Had type ' python ' in inputBox
2020-09-04 11:05:40,648 - BasePage - INFO - Had find the element '  ' successful by xpath via value://*[@id = 'su'] 
2020-09-04 11:05:40,779 - BasePage - INFO - The element '  ' was clicked.
2020-09-04 11:05:43,253 - BasePage - INFO - Had take screenshot and save to folder : /screenshots
2020-09-04 11:05:46,055 - BrowserEngine - INFO - You had select Chrome browser.
2020-09-04 11:05:46,055 - BrowserEngine - INFO - The test server url is：https://www.baidu.com
2020-09-04 11:05:48,802 - BrowserEngine - INFO - Starting Chrome browser.
2020-09-04 11:05:50,976 - BrowserEngine - INFO - Open url: https://www.baidu.com
2020-09-04 11:05:52,121 - BrowserEngine - INFO - Maximize the current window.
2020-09-04 11:05:52,123 - BrowserEngine - INFO - Set implicitly wait 10 seconds.
2020-09-04 11:05:52,135 - BasePage - INFO - Current page title is 百度一下，你就知道
